Using pre-set license
Built from '2020.3/staging' branch; Version is '2020.3.26f1 (7298b473bc1a) revision 7510196'; Using compiler version '192528614'; Build Type 'Release'
OS: 'Windows 10  (10.0.19042) 64bit Professional' Language: 'en' Physical Memory: 65263 MB
BatchMode: 1, IsHumanControllingUs: 0, StartBugReporterOnCrash: 0, Is64bit: 1, IsPro: 0

COMMAND LINE ARGUMENTS:
C:\Program Files\Unity\Hub\Editor\2020.3.26f1\Editor\Unity.exe
-adb2
-batchMode
-noUpm
-name
AssetImportWorker0
-projectPath
C:/Users/jhoyt3/Documents/GoblinKitchen/GoblinKitchen
-logFile
Logs/AssetImportWorker0.log
-srvPort
55195
Successfully changed project path to: C:/Users/jhoyt3/Documents/GoblinKitchen/GoblinKitchen
C:/Users/jhoyt3/Documents/GoblinKitchen/GoblinKitchen
Using Asset Import Pipeline V2.
Refreshing native plugins compatible for Editor in 29.26 ms, found 2 plugins.
Preloading 0 native plugins for Editor in 0.00 ms.
Initialize engine version: 2020.3.26f1 (7298b473bc1a)
[Subsystems] Discovering subsystems at path C:/Program Files/Unity/Hub/Editor/2020.3.26f1/Editor/Data/Resources/UnitySubsystems
[Subsystems] Discovering subsystems at path C:/Users/jhoyt3/Documents/GoblinKitchen/GoblinKitchen/Assets
GfxDevice: creating device client; threaded=0
Direct3D:
    Version:  Direct3D 11.0 [level 11.1]
    Renderer: NVIDIA GeForce RTX 2080 Ti (ID=0x1e04)
    Vendor:   
    VRAM:     11049 MB
    Driver:   30.0.14.7168
Initialize mono
Mono path[0] = 'C:/Program Files/Unity/Hub/Editor/2020.3.26f1/Editor/Data/Managed'
Mono path[1] = 'C:/Program Files/Unity/Hub/Editor/2020.3.26f1/Editor/Data/MonoBleedingEdge/lib/mono/unityjit'
Mono config path = 'C:/Program Files/Unity/Hub/Editor/2020.3.26f1/Editor/Data/MonoBleedingEdge/etc'
Using monoOptions --debugger-agent=transport=dt_socket,embedding=1,server=y,suspend=n,address=127.0.0.1:56056
Begin MonoManager ReloadAssembly
Registering precompiled unity dll's ...
Register platform support module: C:/Program Files/Unity/Hub/Editor/2020.3.26f1/Editor/Data/PlaybackEngines/WindowsStandaloneSupport/UnityEditor.WindowsStandalone.Extensions.dll
Registered in 0.002493 seconds.
Native extension for WindowsStandalone target not found
Refreshing native plugins compatible for Editor in 26.95 ms, found 2 plugins.
Preloading 0 native plugins for Editor in 0.00 ms.
Mono: successfully reloaded assembly
- Completed reload, in  0.520 seconds
Domain Reload Profiling:
	ReloadAssembly (520ms)
		BeginReloadAssembly (53ms)
			ExecutionOrderSort (0ms)
			DisableScriptedObjects (0ms)
			BackupInstance (0ms)
			ReleaseScriptingObjects (0ms)
			CreateAndSetChildDomain (1ms)
		EndReloadAssembly (397ms)
			LoadAssemblies (50ms)
			RebuildTransferFunctionScriptingTraits (0ms)
			SetupTypeCache (135ms)
			ReleaseScriptCaches (0ms)
			RebuildScriptCaches (27ms)
			SetupLoadedEditorAssemblies (137ms)
				LogAssemblyErrors (0ms)
				InitializePlatformSupportModulesInManaged (4ms)
				SetLoadedEditorAssemblies (0ms)
				RefreshPlugins (27ms)
				BeforeProcessingInitializeOnLoad (8ms)
				ProcessInitializeOnLoadAttributes (72ms)
				ProcessInitializeOnLoadMethodAttributes (26ms)
				AfterProcessingInitializeOnLoad (0ms)
				EditorAssembliesLoaded (0ms)
			ExecutionOrderSort2 (0ms)
			AwakeInstancesAfterBackupRestoration (0ms)
Platform modules already initialized, skipping
Registering precompiled user dll's ...
Registered in 0.005994 seconds.
Begin MonoManager ReloadAssembly
Native extension for WindowsStandalone target not found
Refreshing native plugins compatible for Editor in 0.41 ms, found 2 plugins.
Preloading 0 native plugins for Editor in 0.00 ms.
Mono: successfully reloaded assembly
- Completed reload, in  0.892 seconds
Domain Reload Profiling:
	ReloadAssembly (893ms)
		BeginReloadAssembly (137ms)
			ExecutionOrderSort (0ms)
			DisableScriptedObjects (5ms)
			BackupInstance (0ms)
			ReleaseScriptingObjects (0ms)
			CreateAndSetChildDomain (23ms)
		EndReloadAssembly (698ms)
			LoadAssemblies (81ms)
			RebuildTransferFunctionScriptingTraits (0ms)
			SetupTypeCache (248ms)
			ReleaseScriptCaches (0ms)
			RebuildScriptCaches (36ms)
			SetupLoadedEditorAssemblies (258ms)
				LogAssemblyErrors (0ms)
				InitializePlatformSupportModulesInManaged (4ms)
				SetLoadedEditorAssemblies (0ms)
				RefreshPlugins (1ms)
				BeforeProcessingInitializeOnLoad (53ms)
				ProcessInitializeOnLoadAttributes (184ms)
				ProcessInitializeOnLoadMethodAttributes (9ms)
				AfterProcessingInitializeOnLoad (8ms)
				EditorAssembliesLoaded (0ms)
			ExecutionOrderSort2 (0ms)
			AwakeInstancesAfterBackupRestoration (5ms)
Platform modules already initialized, skipping
========================================================================
Worker process is ready to serve import requests
Launched and connected shader compiler UnityShaderCompiler.exe after 0.06 seconds
Refreshing native plugins compatible for Editor in 0.45 ms, found 2 plugins.
Preloading 0 native plugins for Editor in 0.00 ms.
Unloading 1503 Unused Serialized files (Serialized files now loaded: 0)
System memory in use before: 67.5 MB.
System memory in use after: 67.6 MB.

Unloading 19 unused Assets to reduce memory usage. Loaded Objects now: 1935.
Total: 3.042100 ms (FindLiveObjects: 0.171100 ms CreateObjectMapping: 0.055100 ms MarkObjects: 2.751000 ms  DeleteObjects: 0.063800 ms)

AssetImportParameters requested are different than current active one (requested -> active):
  custom:framework-win-MediaFoundation: 216162199b28c13a410421893ffa2e32 -> 
  custom:video-decoder-ogg-theora: a1e56fd34408186e4bbccfd4996cb3dc -> 
  custom:container-muxer-webm: aa71ff27fc2769a1b78a27578f13a17b -> 
  custom:container-demuxer-webm: 4f35f7cbe854078d1ac9338744f61a02 -> 
  custom:container-demuxer-ogg: 62fdf1f143b41e24485cea50d1cbac27 -> 
  custom:video-encoder-webm-vp8: eb34c28f22e8b96e1ab97ce403110664 -> 
  custom:video-decoder-webm-vp8: 9c59270c3fd7afecdb556c50c9e8de78 -> 
  custom:audio-decoder-ogg-vorbis: bf7c407c2cedff20999df2af8eb42d56 -> 
  custom:audio-encoder-webm-vorbis: bf7c407c2cedff20999df2af8eb42d56 -> 
========================================================================
Received Import Request.
  path: Assets/Scenes
  artifactKey: Guid(72255cedea578f34396eb30f9d178b8e) Importer(815301076,1909f56bfc062723c751e8b465ee728b)
Start importing Assets/Scenes using Guid(72255cedea578f34396eb30f9d178b8e) Importer(815301076,1909f56bfc062723c751e8b465ee728b)  -> (artifact id: '164672c87b0d63a91c40e9f9b7ca763c') in 0.005765 seconds 
  Import took 0.008922 seconds .

========================================================================
Received Import Request.
  Time since last request: 1.740074 seconds.
  path: Assets/Scenes/SampleScene.unity
  artifactKey: Guid(9fc0d4010bbf28b4594072e72b8655ab) Importer(815301076,1909f56bfc062723c751e8b465ee728b)
Start importing Assets/Scenes/SampleScene.unity using Guid(9fc0d4010bbf28b4594072e72b8655ab) Importer(815301076,1909f56bfc062723c751e8b465ee728b)  -> (artifact id: '85059f4f9e1a832ed95adaa0d25c5c4c') in 0.010224 seconds 
  Import took 0.013525 seconds .

========================================================================
Received Import Request.
  Time since last request: 22.143654 seconds.
  path: Assets/Scenes/Tavern.unity
  artifactKey: Guid(9fc0d4010bbf28b4594072e72b8655ab) Importer(815301076,1909f56bfc062723c751e8b465ee728b)
Start importing Assets/Scenes/Tavern.unity using Guid(9fc0d4010bbf28b4594072e72b8655ab) Importer(815301076,1909f56bfc062723c751e8b465ee728b)  -> (artifact id: '4a0edf3d33d2b030c5cbbff98fbf23c2') in 0.002865 seconds 
  Import took 0.006417 seconds .

========================================================================
Received Import Request.
  Time since last request: 171.408240 seconds.
  path: Assets
  artifactKey: Guid(00000000000000001000000000000000) Importer(815301076,1909f56bfc062723c751e8b465ee728b)
Start importing Assets using Guid(00000000000000001000000000000000) Importer(815301076,1909f56bfc062723c751e8b465ee728b)  -> (artifact id: '42d402b061de3733987d63b9cc3b64de') in 0.002380 seconds 
  Import took 0.006278 seconds .

========================================================================
Received Import Request.
  Time since last request: 5.511806 seconds.
  path: Assets/Materials
  artifactKey: Guid(892ae534e601dfe4ba28914b15f59ec0) Importer(815301076,1909f56bfc062723c751e8b465ee728b)
Start importing Assets/Materials using Guid(892ae534e601dfe4ba28914b15f59ec0) Importer(815301076,1909f56bfc062723c751e8b465ee728b)  -> (artifact id: 'ef8699cb8a24e0eb5c5b073b56a2d5bd') in 0.002454 seconds 
  Import took 0.005647 seconds .

========================================================================
Received Import Request.
  Time since last request: 6.058953 seconds.
  path: Assets/Scrips
  artifactKey: Guid(36066aa73b0c1ba439f39d3bc97c2b08) Importer(815301076,1909f56bfc062723c751e8b465ee728b)
Start importing Assets/Scrips using Guid(36066aa73b0c1ba439f39d3bc97c2b08) Importer(815301076,1909f56bfc062723c751e8b465ee728b)  -> (artifact id: 'd5546eb2bd3a366c13066bd6e47615a5') in 0.002431 seconds 
  Import took 0.005625 seconds .

========================================================================
Received Import Request.
  Time since last request: 9.288735 seconds.
  path: Assets/Custom 3D assets
  artifactKey: Guid(3ff205bb4fa250142915610e7d4fa8df) Importer(815301076,1909f56bfc062723c751e8b465ee728b)
Start importing Assets/Custom 3D assets using Guid(3ff205bb4fa250142915610e7d4fa8df) Importer(815301076,1909f56bfc062723c751e8b465ee728b)  -> (artifact id: 'a021fa2a17e24f1c41691ecf24e40fce') in 0.002727 seconds 
  Import took 0.006022 seconds .

========================================================================
Received Import Request.
  Time since last request: 8.352949 seconds.
  path: Assets/Materials/Grass.mat
  artifactKey: Guid(51b40c2067c387346b0caacb8a9129a2) Importer(815301076,1909f56bfc062723c751e8b465ee728b)
Start importing Assets/Materials/Grass.mat using Guid(51b40c2067c387346b0caacb8a9129a2) Importer(815301076,1909f56bfc062723c751e8b465ee728b)  -> (artifact id: '357022ef5ac931b6fb9fcda49e8d2390') in 0.105127 seconds 
  Import took 0.108705 seconds .

========================================================================
Received Import Request.
  Time since last request: 62.267241 seconds.
  path: Assets/Materials/Wood.mat
  artifactKey: Guid(eb8f90495f1706e40950f044b357e104) Importer(815301076,1909f56bfc062723c751e8b465ee728b)
Start importing Assets/Materials/Wood.mat using Guid(eb8f90495f1706e40950f044b357e104) Importer(815301076,1909f56bfc062723c751e8b465ee728b)  -> (artifact id: '564f28337d9f9fbb3458087e9dd08707') in 0.010631 seconds 
  Import took 0.014228 seconds .

========================================================================
Received Import Request.
  Time since last request: 1494.259692 seconds.
  path: Assets/Materials/New Folder
  artifactKey: Guid(82f4acb9cb84d124cab1cdfde965fc40) Importer(815301076,1909f56bfc062723c751e8b465ee728b)
Start importing Assets/Materials/New Folder using Guid(82f4acb9cb84d124cab1cdfde965fc40) Importer(815301076,1909f56bfc062723c751e8b465ee728b)  -> (artifact id: 'b12d4f8e09cd8f15740f86acca9db263') in 0.003023 seconds 
  Import took 0.007148 seconds .

========================================================================
Received Import Request.
  Time since last request: 8.235421 seconds.
  path: Assets/Materials/New Material.mat
  artifactKey: Guid(82768614d6aecf54b82e2e3405d6682d) Importer(815301076,1909f56bfc062723c751e8b465ee728b)
Start importing Assets/Materials/New Material.mat using Guid(82768614d6aecf54b82e2e3405d6682d) Importer(815301076,1909f56bfc062723c751e8b465ee728b)  -> (artifact id: '3e3137a5e305fd03643961a774d6f340') in 0.015256 seconds 
  Import took 0.019125 seconds .

========================================================================
Received Import Request.
  Time since last request: 323.710203 seconds.
  path: Assets/Materials/Grass.mat
  artifactKey: Guid(51b40c2067c387346b0caacb8a9129a2) Importer(815301076,1909f56bfc062723c751e8b465ee728b)
Start importing Assets/Materials/Grass.mat using Guid(51b40c2067c387346b0caacb8a9129a2) Importer(815301076,1909f56bfc062723c751e8b465ee728b)  -> (artifact id: '836501aa44b0f81d4c02bebaab832001') in 0.011460 seconds 
  Import took 0.015421 seconds .

========================================================================
Received Import Request.
  Time since last request: 0.000372 seconds.
  path: Assets/Materials/New Material.mat
  artifactKey: Guid(82768614d6aecf54b82e2e3405d6682d) Importer(815301076,1909f56bfc062723c751e8b465ee728b)
Start importing Assets/Materials/New Material.mat using Guid(82768614d6aecf54b82e2e3405d6682d) Importer(815301076,1909f56bfc062723c751e8b465ee728b)  -> (artifact id: '1aba4ac3978831e110b735dcbde904f1') in 0.009144 seconds 
  Import took 0.012257 seconds .

AssetImportWorkerClient::OnTransportError - code=2 error=End of file
